MapLocationFromContacts/app/build/intermediates/manifest_merge_blame_file/debug/manifest-merger-blame-debug-report.txt
1<?xml version="1.0" encoding="utf-8"?>
2<manifest xmlns:android="http://schemas.android.com/apk/res/android"
3    package="course.examples.maplocationfromcontacts"
4    android:versionCode="1"
5    android:versionName="1.0" >
6
7    <uses-sdk
8        android:minSdkVersion="27"
8-->src\main\AndroidManifest.xml
9        android:targetSdkVersion="29" />
9-->src\main\AndroidManifest.xml
10
11    <uses-permission android:name="android.permission.READ_CONTACTS" />
11-->src\main\AndroidManifest.xml:7:2-69
11-->src\main\AndroidManifest.xml:7:19-66
12
13    <application
13-->src\main\AndroidManifest.xml:9:5-23:19
14        android:allowBackup="false"
14-->src\main\AndroidManifest.xml:10:9-36
15        android:debuggable="true"
16        android:extractNativeLibs="false"
17        android:icon="@mipmap/ic_launcher"
17-->src\main\AndroidManifest.xml:11:9-43
18        android:label="MapLocationFromContacts"
18-->src\main\AndroidManifest.xml:12:9-48
19        android:testOnly="true"
20        android:theme="@style/MaterialTheme" >
20-->src\main\AndroidManifest.xml:13:9-45
21        <activity
21-->src\main\AndroidManifest.xml:14:9-22:20
22            android:name="course.examples.maplocationfromcontacts.MapLocationFromContactsActivity"
22-->src\main\AndroidManifest.xml:15:13-59
23            android:label="MapLocationFromContacts" >
23-->src\main\AndroidManifest.xml:16:13-52
24            <intent-filter>
24-->src\main\AndroidManifest.xml:17:13-21:29
25                <action android:name="android.intent.action.MAIN" />
25-->src\main\AndroidManifest.xml:18:17-69
25-->src\main\AndroidManifest.xml:18:25-66
26
27                <category android:name="android.intent.category.LAUNCHER" />
27-->src\main\AndroidManifest.xml:20:17-77
27-->src\main\AndroidManifest.xml:20:27-74
28            </intent-filter>
29        </activity>
30    </application>
31
32</manifest>